<?xml version="1.0" encoding="utf-8"?><testsuites name="pytest tests"><testsuite name="pytest" errors="0" failures="0" skipped="0" tests="21" time="184.394" timestamp="2026-09-08T02:35:00.284936+05:00" hostname="localhost"><testcase classname="tests.test_rung2_real_server" name="test_dashboard_html_is_served_with_the_touched_ui_hooks" time="0.775" /><testcase classname="tests.test_rung2_real_server" name="test_health_is_200_on_the_real_server" time="0.003" /><testcase classname="tests.test_rung2_real_server" name="test_analyses_list_returns_both_seeded_rows" time="0.003" /><testcase classname="tests.test_rung2_real_server" name="test_single_analysis_carries_analysis_id_and_prebuilt_view" time="0.074" /><testcase classname="tests.test_rung2_real_server" name="test_report_md_serves_real_narrative_not_the_empty_analyze_template" time="0.019" /><testcase classname="tests.test_rung2_real_server" name="test_report_docx_downloads_a_real_openable_document_no_501" time="0.224" /><testcase classname="tests.test_rung2_real_server" name="test_missing_analysis_export_is_404_not_a_fabricated_success" time="0.004" /><testcase classname="tests.test_rung2_real_server" name="test_health_answers_within_a_second_while_the_threadpool_is_saturated" time="9.013" /><testcase classname="tests.test_rung2_factory_language_flow" name="test_full_factory_language_flow_over_a_real_server[ar-\u062a\u0645\u0648\u0631]" time="4.526" /><testcase classname="tests.test_rung2_factory_language_flow" name="test_full_factory_language_flow_over_a_real_server[en-dates]" time="2.051" /><testcase classname="tests.test_rung2_factory_language_flow" name="test_language_change_mid_run_does_not_touch_a_running_study" time="2.354" /><testcase classname="tests.test_rung2_factory_language_flow" name="test_no_request_header_can_override_the_factory_language" time="1.321" /><testcase classname="tests.test_rung2_factory_language_flow" name="test_the_arabic_flow_is_unchanged_end_to_end" time="1.696" /><testcase classname="tests.test_rung2_restart_drill" name="test_graceful_stop_and_restart_never_leaves_the_study_looking_alive" time="3.747" /><testcase classname="tests.test_rung2_restart_drill" name="test_hard_kill_recovers_through_the_stale_heartbeat_alone" time="7.532" /><testcase classname="tests.test_rung2_restart_drill" name="test_cancel_over_http_stops_the_run_before_its_delay_elapses" time="2.422" /><testcase classname="tests.test_rung2_restart_drill" name="test_a_stale_root_research_row_is_reaped_by_the_tick_without_refresh_hours" time="1.871" /><testcase classname="tests.test_rung2_restart_drill" name="test_resume_of_a_fresh_running_row_is_409_on_the_real_server" time="0.861" /><testcase classname="tests.test_rung4_platform_real_bridge" name="test_the_real_pipeline_runs_and_the_data_sufficiency_gate_holds" time="72.650" /><testcase classname="tests.test_rung4_platform_real_bridge" name="test_the_writer_and_the_save_path_run_when_the_early_halt_is_off" time="72.693" /><testcase classname="tests.test_rung4_platform_real_bridge" name="test_the_run_spent_nothing_and_made_no_external_call" time="0.387" /></testsuite></testsuites>